[debug] [2022-06-02T18:41:22.817Z] ----------------------------------------------------------------------
[debug] [2022-06-02T18:41:22.827Z] Command:       C:\Program Files\nodejs\node.exe C:\Users\user\AppData\Roaming\npm\node_modules\firebase-tools\lib\bin\firebase.js init
[debug] [2022-06-02T18:41:22.828Z] CLI Version:   11.0.1
[debug] [2022-06-02T18:41:22.829Z] Platform:      win32
[debug] [2022-06-02T18:41:22.831Z] Node Version:  v16.14.1
[debug] [2022-06-02T18:41:22.860Z] Time:          Fri Jun 03 2022 00:41:22 GMT+0600 (East Kazakhstan Time)
[debug] [2022-06-02T18:41:22.861Z] ----------------------------------------------------------------------
[debug] 
[debug] [2022-06-02T18:41:22.876Z] >>> [apiv2][query] GET https://firebase-public.firebaseio.com/cli.json [none]
[debug] [2022-06-02T18:41:23.662Z] > command requires scopes: ["email","openid","https://www.googleapis.com/auth/cloudplatformprojects.readonly","https://www.googleapis.com/auth/firebase","https://www.googleapis.com/auth/cloud-platform"]
[debug] [2022-06-02T18:41:23.664Z] > authorizing via signed-in user (shadullahsad9@gmail.com)
[info] 
     ######## #### ########  ######## ########     ###     ######  ########
     ##        ##  ##     ## ##       ##     ##  ##   ##  ##       ##
     ######    ##  ########  ######   ########  #########  ######  ######
     ##        ##  ##    ##  ##       ##     ## ##     ##       ## ##
     ##       #### ##     ## ######## ########  ##     ##  ######  ########

You're about to initialize a Firebase project in this directory:

  F:\Code\working-app

Before we get started, keep in mind:

  * You are initializing within an existing Firebase project directory

[debug] [2022-06-02T18:41:24.817Z] <<< [apiv2][status] GET https://firebase-public.firebaseio.com/cli.json 200
[debug] [2022-06-02T18:41:24.818Z] <<< [apiv2][body] GET https://firebase-public.firebaseio.com/cli.json {"cloudBuildErrorAfter":1594252800000,"cloudBuildWarnAfter":1590019200000,"defaultNode10After":1594252800000,"minVersion":"3.0.5","node8DeploysDisabledAfter":1613390400000,"node8RuntimeDisabledAfter":1615809600000,"node8WarnAfter":1600128000000}
